src/api/baseQuery.ts(2,27): error TS2305: Module '"../common/constants"' has no exported member 'API_KEY'.
src/api/ordersApi.ts(96,43): error TS2345: Argument of type 'number' is not assignable to parameter of type 'string'.
src/components/ApiDebugTest.tsx(18,45): error TS2551: Property 'getCategoriesSimple' does not exist on type 'ApiService'. Did you mean 'getCategories'?
src/components/AppHeader.tsx(29,20): error TS2339: Property 'isDark' does not exist on type 'ThemeContextType'.
src/components/CustomHeader.tsx(27,18): error TS2339: Property 'isDark' does not exist on type 'ThemeContextType'.
src/components/CustomHeader.tsx(50,60): error TS2339: Property 'text' does not exist on type '{ primary: string; secondary: string; accent: string; background: string; surface: string; surfaceHighlight: string; textPrimary: string; textSecondary: string; textInverse: string; textInteractive: string; ... 6 more ...; divider: string; }'.
src/components/CustomHeader.tsx(56,63): error TS2339: Property 'text' does not exist on type '{ primary: string; secondary: string; accent: string; background: string; surface: string; surfaceHighlight: string; textPrimary: string; textSecondary: string; textInverse: string; textInteractive: string; ... 6 more ...; divider: string; }'.
src/components/GlobalErrorScreen.tsx(3,25): error TS2307: Cannot find module '../assets/images/OutpostLogo' or its corresponding type declarations.
src/components/GlobalErrorScreen.tsx(4,31): error TS2307: Cannot find module '../assets/images/internetErrorIcon.png' or its corresponding type declarations.
src/components/LiveSessionViewer.tsx(410,19): error TS2339: Property 'white' does not exist on type '{ primary: string; primaryDark: string; primaryLight: string; secondary: string; secondaryDark: string; secondaryLight: string; background: string; backgroundSecondary: string; backgroundDark: string; ... 15 more ...; transparent: string; }'.
src/components/OnboardingScreen.tsx(13,9): error TS2724: '"../common"' has no exported member named 'COLORS'. Did you mean 'Colors'?
src/components/OnboardingScreen.tsx(13,17): error TS2305: Module '"../common"' has no exported member 'FONT_FAMILY'.
src/components/OnboardingScreen.tsx(30,31): error TS2339: Property 'chevron_right' does not exist on type '{ logo: any; commonCategories: string; }'.
src/components/OnboardingScreen.tsx(39,35): error TS2339: Property 'onboarding1' does not exist on type '{ logo: any; commonCategories: string; }'.
src/components/OnboardingScreen.tsx(47,35): error TS2339: Property 'onboarding2' does not exist on type '{ logo: any; commonCategories: string; }'.
src/components/OnboardingScreen.tsx(57,35): error TS2339: Property 'onboarding3' does not exist on type '{ logo: any; commonCategories: string; }'.
src/components/OnboardingScreen.tsx(80,35): error TS2339: Property 'google_icon' does not exist on type '{ logo: any; commonCategories: string; }'.
src/components/OnboardingScreen.tsx(88,37): error TS2339: Property 'apple_icon' does not exist on type '{ logo: any; commonCategories: string; }'.
src/components/ProfileSection.tsx(151,29): error TS2551: Property 'cardBackground' does not exist on type '{ primary: string; primaryDark: string; primaryLight: string; secondary: string; secondaryDark: string; secondaryLight: string; background: string; backgroundSecondary: string; backgroundDark: string; ... 15 more ...; transparent: string; }'. Did you mean 'background'?
src/components/ProfileSection.tsx(171,29): error TS2551: Property 'cardBackground' does not exist on type '{ primary: string; primaryDark: string; primaryLight: string; secondary: string; secondaryDark: string; secondaryLight: string; background: string; backgroundSecondary: string; backgroundDark: string; ... 15 more ...; transparent: string; }'. Did you mean 'background'?
src/components/ProfileSkeleton.tsx(167,29): error TS2551: Property 'cardBackground' does not exist on type '{ primary: string; primaryDark: string; primaryLight: string; secondary: string; secondaryDark: string; secondaryLight: string; background: string; backgroundSecondary: string; backgroundDark: string; ... 15 more ...; transparent: string; }'. Did you mean 'background'?
src/components/ProfileSkeleton.tsx(203,29): error TS2551: Property 'cardBackground' does not exist on type '{ primary: string; primaryDark: string; primaryLight: string; secondary: string; secondaryDark: string; secondaryLight: string; background: string; backgroundSecondary: string; backgroundDark: string; ... 15 more ...; transparent: string; }'. Did you mean 'background'?
src/components/ProfileSkeleton.tsx(237,29): error TS2551: Property 'cardBackground' does not exist on type '{ primary: string; primaryDark: string; primaryLight: string; secondary: string; secondaryDark: string; secondaryLight: string; background: string; backgroundSecondary: string; backgroundDark: string; ... 15 more ...; transparent: string; }'. Did you mean 'background'?
src/components/sdui/CategoryCarousel.tsx(3,10): error TS2305: Module '"../../types/sdui"' has no exported member 'CategoryCarouselProps'.
src/components/sdui/CategoryCarousel.tsx(10,34): error TS7006: Parameter 'cat' implicitly has an 'any' type.
src/components/sdui/Header.tsx(3,10): error TS2305: Module '"../../types/sdui"' has no exported member 'HeaderProps'.
src/components/WebViewScreen.tsx(11,10): error TS2305: Module '"../common/constants"' has no exported member 'WEB_APP_URL'.
src/components/WebViewScreen.tsx(11,23): error TS2305: Module '"../common/constants"' has no exported member 'DISABLE_HEADER_FOOTER_PARAM'.
src/navigation/AppNavigator.tsx(126,23): error TS2322: Type '"Orders"' is not assignable to type 'keyof RootStackParamList'.
src/screens/CartScreen.tsx(53,32): error TS2503: Cannot find namespace 'NodeJS'.
src/screens/CartScreen.tsx(188,62): error TS2339: Property 'text' does not exist on type '{ primary: string; secondary: string; accent: string; background: string; surface: string; surfaceHighlight: string; textPrimary: string; textSecondary: string; textInverse: string; textInteractive: string; ... 6 more ...; divider: string; }'.
src/screens/CheckoutScreen.tsx(70,34): error TS2345: Argument of type '{ items: { productId: string; quantity: number; size: string; }[]; shippingAddress: { street: string; city: string; state: string; zipCode: string; country: string; phone: string; }; paymentMethod: PaymentMethod; }' is not assignable to parameter of type 'CreateOrderPayload'.
  Types of property 'items' are incompatible.
    Type '{ productId: string; quantity: number; size: string; }[]' is not assignable to type '{ productId: number; quantity: number; size: string; }[]'.
      Type '{ productId: string; quantity: number; size: string; }' is not assignable to type '{ productId: number; quantity: number; size: string; }'.
        Types of property 'productId' are incompatible.
          Type 'string' is not assignable to type 'number'.
src/screens/CollectionsScreen.tsx(26,18): error TS2339: Property 'isDark' does not exist on type 'ThemeContextType'.
src/screens/CollectionsScreen.tsx(63,74): error TS2339: Property 'card' does not exist on type '{ primary: string; secondary: string; accent: string; background: string; surface: string; surfaceHighlight: string; textPrimary: string; textSecondary: string; textInverse: string; textInteractive: string; ... 6 more ...; divider: string; }'.
src/screens/CollectionsScreen.tsx(69,89): error TS2339: Property 'text' does not exist on type '{ primary: string; secondary: string; accent: string; background: string; surface: string; surfaceHighlight: string; textPrimary: string; textSecondary: string; textInverse: string; textInteractive: string; ... 6 more ...; divider: string; }'.
src/screens/CollectionsScreen.tsx(78,83): error TS2339: Property 'card' does not exist on type '{ primary: string; secondary: string; accent: string; background: string; surface: string; surfaceHighlight: string; textPrimary: string; textSecondary: string; textInverse: string; textInteractive: string; ... 6 more ...; divider: string; }'.
src/screens/CollectionsScreen.tsx(84,98): error TS2339: Property 'text' does not exist on type '{ primary: string; secondary: string; accent: string; background: string; surface: string; surfaceHighlight: string; textPrimary: string; textSecondary: string; textInverse: string; textInteractive: string; ... 6 more ...; divider: string; }'.
src/screens/CollectionsScreen.tsx(94,67): error TS2339: Property 'card' does not exist on type '{ primary: string; secondary: string; accent: string; background: string; surface: string; surfaceHighlight: string; textPrimary: string; textSecondary: string; textInverse: string; textInteractive: string; ... 6 more ...; divider: string; }'.
src/screens/CollectionsScreen.tsx(104,48): error TS2339: Property 'text' does not exist on type '{ primary: string; secondary: string; accent: string; background: string; surface: string; surfaceHighlight: string; textPrimary: string; textSecondary: string; textInverse: string; textInteractive: string; ... 6 more ...; divider: string; }'.
src/screens/CollectionsScreen.tsx(109,65): error TS2339: Property 'text' does not exist on type '{ primary: string; secondary: string; accent: string; background: string; surface: string; surfaceHighlight: string; textPrimary: string; textSecondary: string; textInverse: string; textInteractive: string; ... 6 more ...; divider: string; }'.
src/screens/CollectionsScreen.tsx(117,68): error TS2339: Property 'text' does not exist on type '{ primary: string; secondary: string; accent: string; background: string; surface: string; surfaceHighlight: string; textPrimary: string; textSecondary: string; textInverse: string; textInteractive: string; ... 6 more ...; divider: string; }'.
src/screens/CollectionsScreen.tsx(160,70): error TS2339: Property 'text' does not exist on type '{ primary: string; secondary: string; accent: string; background: string; surface: string; surfaceHighlight: string; textPrimary: string; textSecondary: string; textInverse: string; textInteractive: string; ... 6 more ...; divider: string; }'.
src/screens/ProductDetailsScreen.tsx(36,18): error TS2339: Property 'isDark' does not exist on type 'ThemeContextType'.
src/screens/ProductDetailsScreen.tsx(116,63): error TS2339: Property 'text' does not exist on type '{ primary: string; secondary: string; accent: string; background: string; surface: string; surfaceHighlight: string; textPrimary: string; textSecondary: string; textInverse: string; textInteractive: string; ... 6 more ...; divider: string; }'.
src/screens/ProductDetailsScreen.tsx(149,51): error TS2339: Property 'text' does not exist on type '{ primary: string; secondary: string; accent: string; background: string; surface: string; surfaceHighlight: string; textPrimary: string; textSecondary: string; textInverse: string; textInteractive: string; ... 6 more ...; divider: string; }'.
src/screens/ProductDetailsScreen.tsx(200,70): error TS2339: Property 'text' does not exist on type '{ primary: string; secondary: string; accent: string; background: string; surface: string; surfaceHighlight: string; textPrimary: string; textSecondary: string; textInverse: string; textInteractive: string; ... 6 more ...; divider: string; }'.
src/screens/ProductDetailsScreen.tsx(206,72): error TS2339: Property 'text' does not exist on type '{ primary: string; secondary: string; accent: string; background: string; surface: string; surfaceHighlight: string; textPrimary: string; textSecondary: string; textInverse: string; textInteractive: string; ... 6 more ...; divider: string; }'.
src/screens/ProductDetailsScreen.tsx(220,72): error TS2339: Property 'text' does not exist on type '{ primary: string; secondary: string; accent: string; background: string; surface: string; surfaceHighlight: string; textPrimary: string; textSecondary: string; textInverse: string; textInteractive: string; ... 6 more ...; divider: string; }'.
src/screens/ProductDetailsScreen.tsx(250,71): error TS2339: Property 'text' does not exist on type '{ primary: string; secondary: string; accent: string; background: string; surface: string; surfaceHighlight: string; textPrimary: string; textSecondary: string; textInverse: string; textInteractive: string; ... 6 more ...; divider: string; }'.
src/screens/ProductDetailsScreen.tsx(254,71): error TS2339: Property 'text' does not exist on type '{ primary: string; secondary: string; accent: string; background: string; surface: string; surfaceHighlight: string; textPrimary: string; textSecondary: string; textInverse: string; textInteractive: string; ... 6 more ...; divider: string; }'.
src/screens/ProductDetailsScreen.tsx(258,71): error TS2339: Property 'text' does not exist on type '{ primary: string; secondary: string; accent: string; background: string; surface: string; surfaceHighlight: string; textPrimary: string; textSecondary: string; textInverse: string; textInteractive: string; ... 6 more ...; divider: string; }'.
src/screens/ProductDetailsScreen.tsx(264,70): error TS2339: Property 'text' does not exist on type '{ primary: string; secondary: string; accent: string; background: string; surface: string; surfaceHighlight: string; textPrimary: string; textSecondary: string; textInverse: string; textInteractive: string; ... 6 more ...; divider: string; }'.
src/screens/ProductDetailsScreen.tsx(277,71): error TS2339: Property 'card' does not exist on type '{ primary: string; secondary: string; accent: string; background: string; surface: string; surfaceHighlight: string; textPrimary: string; textSecondary: string; textInverse: string; textInteractive: string; ... 6 more ...; divider: string; }'.
src/screens/ProductDetailsScreen.tsx(283,54): error TS2339: Property 'text' does not exist on type '{ primary: string; secondary: string; accent: string; background: string; surface: string; surfaceHighlight: string; textPrimary: string; textSecondary: string; textInverse: string; textInteractive: string; ... 6 more ...; divider: string; }'.
src/screens/ProductDetailsScreen.tsx(284,70): error TS2339: Property 'text' does not exist on type '{ primary: string; secondary: string; accent: string; background: string; surface: string; surfaceHighlight: string; textPrimary: string; textSecondary: string; textInverse: string; textInteractive: string; ... 6 more ...; divider: string; }'.
src/screens/WishlistScreen.tsx(37,42): error TS2769: No overload matches this call.
  Overload 1 of 2, '(selector: (state: { auth: AuthState; appSettings: AppSettingsState; profile: ProfileState; products: ProductsState; cart: CartState; orders: OrdersState; banners: BannersState; } & PersistPartial) => WishlistItem[], equalityFn?: EqualityFn<...> | undefined): WishlistItem[]', gave the following error.
    Argument of type '(state: { wishlist: WishlistState; }) => wishlistApi.WishlistItem[]' is not assignable to parameter of type '(state: { auth: AuthState; appSettings: AppSettingsState; profile: ProfileState; products: ProductsState; cart: CartState; orders: OrdersState; banners: BannersState; } & PersistPartial) => WishlistItem[]'.
      Types of parameters 'state' and 'state' are incompatible.
        Property 'wishlist' is missing in type '{ auth: AuthState; appSettings: AppSettingsState; profile: ProfileState; products: ProductsState; cart: CartState; orders: OrdersState; banners: BannersState; } & PersistPartial' but required in type '{ wishlist: WishlistState; }'.
  Overload 2 of 2, '(selector: (state: { auth: AuthState; appSettings: AppSettingsState; profile: ProfileState; products: ProductsState; cart: CartState; orders: OrdersState; banners: BannersState; } & PersistPartial) => WishlistItem[], options?: UseSelectorOptions<...> | undefined): WishlistItem[]', gave the following error.
    Argument of type '(state: { wishlist: WishlistState; }) => wishlistApi.WishlistItem[]' is not assignable to parameter of type '(state: { auth: AuthState; appSettings: AppSettingsState; profile: ProfileState; products: ProductsState; cart: CartState; orders: OrdersState; banners: BannersState; } & PersistPartial) => WishlistItem[]'.
      Types of parameters 'state' and 'state' are incompatible.
        Property 'wishlist' is missing in type '{ auth: AuthState; appSettings: AppSettingsState; profile: ProfileState; products: ProductsState; cart: CartState; orders: OrdersState; banners: BannersState; } & PersistPartial' but required in type '{ wishlist: WishlistState; }'.
src/screens/WishlistScreen.tsx(38,38): error TS2769: No overload matches this call.
  Overload 1 of 2, '(selector: (state: { auth: AuthState; appSettings: AppSettingsState; profile: ProfileState; products: ProductsState; cart: CartState; orders: OrdersState; banners: BannersState; } & PersistPartial) => boolean, equalityFn?: EqualityFn<...> | undefined): boolean', gave the following error.
    Argument of type '(state: { wishlist: WishlistState; }) => boolean' is not assignable to parameter of type '(state: { auth: AuthState; appSettings: AppSettingsState; profile: ProfileState; products: ProductsState; cart: CartState; orders: OrdersState; banners: BannersState; } & PersistPartial) => boolean'.
      Types of parameters 'state' and 'state' are incompatible.
        Property 'wishlist' is missing in type '{ auth: AuthState; appSettings: AppSettingsState; profile: ProfileState; products: ProductsState; cart: CartState; orders: OrdersState; banners: BannersState; } & PersistPartial' but required in type '{ wishlist: WishlistState; }'.
  Overload 2 of 2, '(selector: (state: { auth: AuthState; appSettings: AppSettingsState; profile: ProfileState; products: ProductsState; cart: CartState; orders: OrdersState; banners: BannersState; } & PersistPartial) => boolean, options?: UseSelectorOptions<...> | undefined): boolean', gave the following error.
    Argument of type '(state: { wishlist: WishlistState; }) => boolean' is not assignable to parameter of type '(state: { auth: AuthState; appSettings: AppSettingsState; profile: ProfileState; products: ProductsState; cart: CartState; orders: OrdersState; banners: BannersState; } & PersistPartial) => boolean'.
      Types of parameters 'state' and 'state' are incompatible.
        Property 'wishlist' is missing in type '{ auth: AuthState; appSettings: AppSettingsState; profile: ProfileState; products: ProductsState; cart: CartState; orders: OrdersState; banners: BannersState; } & PersistPartial' but required in type '{ wishlist: WishlistState; }'.
src/screens/WishlistScreen.tsx(39,34): error TS2769: No overload matches this call.
  Overload 1 of 2, '(selector: (state: { auth: AuthState; appSettings: AppSettingsState; profile: ProfileState; products: ProductsState; cart: CartState; orders: OrdersState; banners: BannersState; } & PersistPartial) => string | null, equalityFn?: EqualityFn<...> | undefined): string | null', gave the following error.
    Argument of type '(state: { wishlist: WishlistState; }) => string | null' is not assignable to parameter of type '(state: { auth: AuthState; appSettings: AppSettingsState; profile: ProfileState; products: ProductsState; cart: CartState; orders: OrdersState; banners: BannersState; } & PersistPartial) => string | null'.
      Types of parameters 'state' and 'state' are incompatible.
        Property 'wishlist' is missing in type '{ auth: AuthState; appSettings: AppSettingsState; profile: ProfileState; products: ProductsState; cart: CartState; orders: OrdersState; banners: BannersState; } & PersistPartial' but required in type '{ wishlist: WishlistState; }'.
  Overload 2 of 2, '(selector: (state: { auth: AuthState; appSettings: AppSettingsState; profile: ProfileState; products: ProductsState; cart: CartState; orders: OrdersState; banners: BannersState; } & PersistPartial) => string | null, options?: UseSelectorOptions<...> | undefined): string | null', gave the following error.
    Argument of type '(state: { wishlist: WishlistState; }) => string | null' is not assignable to parameter of type '(state: { auth: AuthState; appSettings: AppSettingsState; profile: ProfileState; products: ProductsState; cart: CartState; orders: OrdersState; banners: BannersState; } & PersistPartial) => string | null'.
      Types of parameters 'state' and 'state' are incompatible.
        Property 'wishlist' is missing in type '{ auth: AuthState; appSettings: AppSettingsState; profile: ProfileState; products: ProductsState; cart: CartState; orders: OrdersState; banners: BannersState; } & PersistPartial' but required in type '{ wishlist: WishlistState; }'.
src/services/ApiService.ts(1,27): error TS2305: Module '"../common/constants"' has no exported member 'API_KEY'.
src/services/ApiService.ts(1,36): error TS2305: Module '"../common/constants"' has no exported member 'API_ENDPOINTS'.
src/store/slices/profileSlice.ts(340,32): error TS18048: 'response.data' is possibly 'undefined'.
src/store/slices/profileSlice.ts(528,29): error TS2339: Property 'cached' does not exist on type '{ id: any; title: any; date: any; status: any; type: any; }[] | { cached: boolean; }'.
  Property 'cached' does not exist on type '{ id: any; title: any; date: any; status: any; type: any; }[]'.
src/store/slices/profileSlice.ts(529,11): error TS2322: Type '{ id: any; title: any; date: any; status: any; type: any; }[] | { cached: boolean; }' is not assignable to type 'WritableNonArrayDraft<Meeting>[]'.
  Type '{ cached: boolean; }' is missing the following properties from type 'WritableNonArrayDraft<Meeting>[]': length, pop, push, concat, and 35 more.
src/theme/presets/modern.preset.ts(9,37): error TS2307: Cannot find module './types' or its corresponding type declarations.
src/theme/registry/themeDefinitions.ts(55,5): error TS2353: Object literal may only specify known properties, and 'componentOverrides' does not exist in type 'ThemeRegistrationOptions'.
